0 verbose cli /usr/local/bin/node /usr/local/bin/npm
1 info using npm@10.5.0
2 info using node@v21.7.3
3 timing npm:load:whichnode Completed in 2ms
4 timing config:load:defaults Completed in 2ms
5 timing config:load:file:/usr/local/lib/node_modules/npm/npmrc Completed in 1ms
6 timing config:load:builtin Completed in 1ms
7 timing config:load:cli Completed in 2ms
8 timing config:load:env Completed in 1ms
9 timing config:load:project Completed in 2ms
10 timing config:load:file:/home/user/.npmrc Completed in 1ms
11 timing config:load:user Completed in 1ms
12 timing config:load:file:/usr/local/etc/npmrc Completed in 0ms
13 timing config:load:global Completed in 0ms
14 timing config:load:setEnvs Completed in 0ms
15 timing config:load Completed in 11ms
16 timing npm:load:configload Completed in 11ms
17 timing config:load:flatten Completed in 3ms
18 timing npm:load:mkdirpcache Completed in 0ms
19 timing npm:load:mkdirplogs Completed in 1ms
20 verbose title npm install date-fns
21 verbose argv "install" "date-fns"
22 timing npm:load:setTitle Completed in 0ms
23 timing npm:load:display Completed in 1ms
24 verbose logfile logs-max:10 dir:/home/user/.npm/_logs/2025-03-21T05_55_43_776Z-
25 verbose logfile /home/user/.npm/_logs/2025-03-21T05_55_43_776Z-debug-0.log
26 timing npm:load:logFile Completed in 8ms
27 timing npm:load:timers Completed in 0ms
28 timing npm:load:configScope Completed in 0ms
29 timing npm:load Completed in 46ms
30 timing config:load:flatten Completed in 1ms
31 timing arborist:ctor Completed in 1ms
32 silly logfile done cleaning log files
33 timing arborist:ctor Completed in 0ms
34 timing idealTree:init Completed in 12ms
35 timing idealTree:userRequests Completed in 2ms
36 silly idealTree buildDeps
37 silly fetch manifest date-fns@*
38 http fetch GET 200 https://registry.npmjs.org/npm 215ms
39 http fetch GET 200 https://registry.npmjs.org/date-fns 283ms (cache miss)
40 silly placeDep ROOT date-fns@4.1.0 OK for:  want: *
41 timing idealTree:#root Completed in 393ms
42 timing idealTree:node_modules/date-fns Completed in 0ms
43 timing idealTree:buildDeps Completed in 393ms
44 timing idealTree:fixDepFlags Completed in 0ms
45 timing idealTree Completed in 409ms
46 timing reify:loadTrees Completed in 409ms
47 timing reify:diffTrees Completed in 1ms
48 silly reify moves {}
49 timing reify:retireShallow Completed in 1ms
50 timing reify:createSparse Completed in 1ms
51 timing reify:loadBundles Completed in 0ms
52 silly tarball no local data for date-fns@https://registry.npmjs.org/date-fns/-/date-fns-4.1.0.tgz. Extracting by manifest.
53 http fetch GET 200 https://registry.npmjs.org/date-fns/-/date-fns-4.1.0.tgz 2568ms (cache miss)
54 timing reifyNode:node_modules/date-fns Completed in 2584ms
55 timing reify:unpack Completed in 2584ms
56 timing reify:unretire Completed in 0ms
57 timing build:queue Completed in 1ms
58 timing build:deps Completed in 1ms
59 timing build Completed in 1ms
60 timing reify:build Completed in 2ms
61 timing reify:trash Completed in 0ms
62 timing reify:save Completed in 17ms
63 timing reify Completed in 3096ms
64 silly ADD node_modules/date-fns
65 timing command:install Completed in 3102ms
66 notice
66 notice New major version of npm available! 10.5.0 -> 11.2.0
66 notice Changelog: <https://github.com/npm/cli/releases/tag/v11.2.0>
66 notice Run `npm install -g npm@11.2.0` to update!
66 notice
67 verbose exit 0
68 timing npm Completed in 3504ms
69 info ok
